SF:/home/tony/src/rust-iced-7guis/temperature-converter/src/main.rs
FN:99,_RNvNtCsgX38h6jKgCx_21temperature_converter5testss_17test_from_celsius
FN:91,_RNvNtCsgX38h6jKgCx_21temperature_converter5testss_19test_calculator_new
FN:109,_RNvNtCsgX38h6jKgCx_21temperature_converter5testss_19test_from_farenheit
FN:48,_RNCNvMCsgX38h6jKgCx_21temperature_converterNtB4_10Calculator6update0B4_
FN:56,_RNCNvMCsgX38h6jKgCx_21temperature_converterNtB4_10Calculator6updates_0B4_
FN:5,_RNvCsgX38h6jKgCx_21temperature_converter4main
FN:64,_RNvMCsgX38h6jKgCx_21temperature_converterNtB2_10Calculator4view
FN:31,_RNvMCsgX38h6jKgCx_21temperature_converterNtB2_10Calculator3new
FN:43,_RNvMCsgX38h6jKgCx_21temperature_converterNtB2_10Calculator6update
FNDA:1,_RNvNtCsgX38h6jKgCx_21temperature_converter5testss_17test_from_celsius
FNDA:1,_RNvNtCsgX38h6jKgCx_21temperature_converter5testss_19test_calculator_new
FNDA:1,_RNvNtCsgX38h6jKgCx_21temperature_converter5testss_19test_from_farenheit
FNDA:1,_RNCNvMCsgX38h6jKgCx_21temperature_converterNtB4_10Calculator6update0B4_
FNDA:1,_RNCNvMCsgX38h6jKgCx_21temperature_converterNtB4_10Calculator6updates_0B4_
FNDA:0,_RNvCsgX38h6jKgCx_21temperature_converter4main
FNDA:0,_RNvMCsgX38h6jKgCx_21temperature_converterNtB2_10Calculator4view
FNDA:1,_RNvMCsgX38h6jKgCx_21temperature_converterNtB2_10Calculator3new
FNDA:2,_RNvMCsgX38h6jKgCx_21temperature_converterNtB2_10Calculator6update
FNF:9
FNH:7
DA:5,0
DA:6,0
DA:7,0
DA:8,0
DA:9,0
DA:10,0
DA:11,0
DA:12,0
DA:13,0
DA:14,0
DA:31,1
DA:32,1
DA:33,1
DA:34,1
DA:35,1
DA:36,1
DA:37,1
DA:38,1
DA:39,1
DA:40,1
DA:41,1
DA:43,2
DA:44,2
DA:45,1
DA:46,1
DA:47,1
DA:48,1
DA:49,1
DA:50,1
DA:51,1
DA:53,1
DA:54,1
DA:55,1
DA:56,1
DA:57,1
DA:58,1
DA:59,1
DA:62,2
DA:64,0
DA:65,0
DA:66,0
DA:67,0
DA:68,0
DA:69,0
DA:70,0
DA:71,0
DA:72,0
DA:73,0
DA:75,0
DA:76,0
DA:78,0
DA:79,0
DA:80,0
DA:81,0
DA:91,1
DA:92,1
DA:93,1
DA:94,1
DA:96,1
DA:99,1
DA:100,1
DA:101,1
DA:102,1
DA:103,1
DA:104,1
DA:105,1
DA:106,1
DA:109,1
DA:110,1
DA:111,1
DA:112,1
DA:113,1
DA:114,1
DA:115,1
DA:116,1
BRF:0
BRH:0
LF:77
LH:51
end_of_record